<?xml version="1.0" encoding="UTF-8"?>
<!-- Generated by org.testng.reporters.JUnitXMLReporter -->
<testsuite ignored="0" hostname="DESKTOP-V7OJPML" failures="0" tests="4" name="Surefire test" time="60.825" errors="0" timestamp="2025-11-21T17:51:23 IST">
  <testcase classname="practice.TestNGPractice" name="createUser" time="0.013"/>
  <testcase classname="practice.TestNGPractice" name="modifyUser" time="0.001"/>
  <testcase classname="practice.TestNGPractice" name="deleteUser" time="0.001"/>
  <testcase classname="testCaseRepo.TC_002Test" name="LE_002" time="22.237"/>
</testsuite> <!-- Surefire test -->
