<?xml version="1.0" encoding="UTF-8"?>
<!-- Generated by org.testng.reporters.JUnitXMLReporter -->
<testsuite ignored="0" hostname="DESKTOP-V7OJPML" failures="0" tests="4" name="Default test" time="86.119" errors="0" timestamp="2025-11-18T18:00:31 IST">
  <testcase classname="testCaseRepo.TC_001" name="LE_001" time="12.517">
    <skipped/>
  </testcase> <!-- LE_001 -->
  <testcase classname="testCaseRepo.TC_001" name="LE_001" time="10.348">
    <skipped/>
  </testcase> <!-- LE_001 -->
  <testcase classname="testCaseRepo.TC_001" name="LE_001" time="14.629">
    <skipped/>
  </testcase> <!-- LE_001 -->
  <testcase classname="testCaseRepo.TC_001" name="LE_001" time="19.26"/>
</testsuite> <!-- Default test -->
