<?xml version="1.0" encoding="UTF-8"?>
<!-- Generated by org.testng.reporters.JUnitXMLReporter -->
<testsuite ignored="4" hostname="DESKTOP-V7OJPML" failures="0" tests="4" name="Test" time="103.752" errors="0" timestamp="2025-11-21T17:56:23 IST">
  <testcase classname="testCaseRepo.TC_003" name="LE_003" time="17.687"/>
  <testcase classname="testCaseRepo.TC_003" name="m1" time="0.001"/>
  <testcase classname="testCaseRepo.TC_002Test" name="LE_002" time="16.951"/>
  <testcase classname="testCaseRepo.TC_001" name="LE_001" time="19.352"/>
  <testcase classname="genericUtility.BaseClass" name="@BeforeSuite createDBConnection" time="0.0">
    <ignored/>
  </testcase> <!-- @BeforeSuite createDBConnection -->
  <testcase classname="genericUtility.BaseClass" name="@AfterSuite closeDBConnection" time="0.0">
    <ignored/>
  </testcase> <!-- @AfterSuite closeDBConnection -->
  <testcase classname="genericUtility.BaseClass" name="@AfterSuite closeDBConnection" time="0.0">
    <ignored/>
  </testcase> <!-- @AfterSuite closeDBConnection -->
  <testcase classname="genericUtility.BaseClass" name="@BeforeSuite createDBConnection" time="0.0">
    <ignored/>
  </testcase> <!-- @BeforeSuite createDBConnection -->
</testsuite> <!-- Test -->
