<?xml version="1.0" encoding="UTF-8"?>
<testsuite xmlns:xsi="http://www.w3.org/2001/XMLSchema-instance" xsi:noNamespaceSchemaLocation="https://maven.apache.org/surefire/maven-surefire-plugin/xsd/surefire-test-report.xsd" version="3.0.2" name="TestSuite" time="106.354" tests="4" errors="0" skipped="0" failures="0">
  <properties>
[...]
</properties>
  <testcase name="LE_003" classname="testCaseRepo.TC_003" time="17.669">
    <system-out><![CDATA[DB connection created
Suite execution started
Browser launched successfully
Login done successfully
LE_003 Test method started
2025-11-21T12:25:03.157073Z main ERROR Log4j API could not find a logging provider.
]]></system-out>
    <system-err><![CDATA[SLF4J(W): No SLF4J providers were found.
SLF4J(W): Defaulting to no-operation (NOP) logger implementation
SLF4J(W): See https://www.slf4j.org/codes.html#noProviders for further details.
Nov 21, 2025 5:54:45 PM org.openqa.selenium.devtools.CdpVersionFinder findNearestMatch
WARNING: Unable to find an exact match for CDP version 142, returning the closest version; found: 138; Please update to a Selenium version that supports CDP version 142
]]></system-err>
  </testcase>
  <testcase name="m1" classname="testCaseRepo.TC_003" time="0.007">
    <system-out><![CDATA[LE_003 Test method successfully executed
Logout done successfully
Login done successfully
m1 Test method started
Abhijna
]]></system-out>
  </testcase>
  <testcase name="LE_002" classname="testCaseRepo.TC_002Test" time="16.942">
    <system-out><![CDATA[m1 Test method successfully executed
Logout done successfully
Browser closed successfully
Browser launched successfully
Login done successfully
LE_002 Test method started
]]></system-out>
    <system-err><![CDATA[Nov 21, 2025 5:55:22 PM org.openqa.selenium.devtools.CdpVersionFinder findNearestMatch
WARNING: Unable to find an exact match for CDP version 142, returning the closest version; found: 138; Please update to a Selenium version that supports CDP version 142
]]></system-err>
  </testcase>
  <testcase name="LE_001" classname="testCaseRepo.TC_001" time="19.33">
    <system-out><![CDATA[LE_002 Test method successfully executed
Logout done successfully
Browser closed successfully
Browser launched successfully
Login done successfully
LE_001 Test method started
]]></system-out>
    <system-err><![CDATA[Nov 21, 2025 5:55:53 PM org.openqa.selenium.devtools.CdpVersionFinder findNearestMatch
WARNING: Unable to find an exact match for CDP version 142, returning the closest version; found: 138; Please update to a Selenium version that supports CDP version 142
]]></system-err>
  </testcase>
</testsuite>