<?xml version="1.0" encoding="UTF-8"?>
<testng-results ignored="0" total="4" passed="4" failed="0" skipped="0">
  <reporter-output>
    <line>
      <![CDATA[test method on start]]>
    </line>
    <line>
      <![CDATA[LE_003 Test method started]]>
    </line>
    <line>
      <![CDATA[LE_003 Test method successfully executed]]>
    </line>
    <line>
      <![CDATA[m1 Test method started]]>
    </line>
    <line>
      <![CDATA[m1 Test method successfully executed]]>
    </line>
    <line>
      <![CDATA[LE_002 Test method started]]>
    </line>
    <line>
      <![CDATA[LE_002 Test method successfully executed]]>
    </line>
    <line>
      <![CDATA[LE_001 Test method started]]>
    </line>
    <line>
      <![CDATA[LE_001 Test method successfully executed]]>
    </line>
  </reporter-output>
  <suite started-at="2025-11-21T17:54:39 IST" name="Suite" finished-at="2025-11-21T17:56:23 IST" duration-ms="103752">
    <groups>
      <group name="Sanity">
        <method signature="TC_001.LE_001()[pri:0, instance:testCaseRepo.TC_001@3a7442c7]" name="LE_001" class="testCaseRepo.TC_001"/>
      </group> <!-- Sanity -->
      <group name="Regression">
        <method signature="TC_002Test.LE_002()[pri:0, instance:testCaseRepo.TC_002Test@5149d738]" name="LE_002" class="testCaseRepo.TC_002Test"/>
      </group> <!-- Regression -->
      <group name="Smoke">
        <method signature="TC_001.LE_001()[pri:0, instance:testCaseRepo.TC_001@3a7442c7]" name="LE_001" class="testCaseRepo.TC_001"/>
        <method signature="TC_003.LE_003()[pri:0, instance:testCaseRepo.TC_003@74e28667]" name="LE_003" class="testCaseRepo.TC_003"/>
      </group> <!-- Smoke -->
    </groups>
    <test started-at="2025-11-21T17:54:39 IST" name="Test" finished-at="2025-11-21T17:56:23 IST" duration-ms="103752">
      <class name="testCaseRepo.TC_002Test">
        <test-method is-config="true" signature="browserLaunch(java.lang.String)[pri:0, instance:testCaseRepo.TC_002Test@5149d738]" started-at="2025-11-21T17:55:20 IST" name="browserLaunch" finished-at="2025-11-21T17:55:26 IST" duration-ms="6027" status="PASS">
          <params>
            <param index="0">
              <value>
                <![CDATA[chrome]]>
              </value>
            </param>
          </params>
          <reporter-output>
          </reporter-output>
        </test-method> <!-- browserLaunch -->
        <test-method is-config="true" signature="loginOperation()[pri:0, instance:testCaseRepo.TC_002Test@5149d738]" started-at="2025-11-21T17:55:26 IST" name="loginOperation" finished-at="2025-11-21T17:55:31 IST" duration-ms="5839" status="PASS">
          <reporter-output>
          </reporter-output>
        </test-method> <!-- loginOperation -->
        <test-method signature="LE_002()[pri:0, instance:testCaseRepo.TC_002Test@5149d738]" started-at="2025-11-21T17:55:31 IST" name="LE_002" finished-at="2025-11-21T17:55:48 IST" duration-ms="16951" status="PASS">
          <reporter-output>
            <line>
              <![CDATA[LE_002 Test method started]]>
            </line>
            <line>
              <![CDATA[LE_002 Test method successfully executed]]>
            </line>
          </reporter-output>
        </test-method> <!-- LE_002 -->
        <test-method is-config="true" signature="logoutOperation()[pri:0, instance:testCaseRepo.TC_002Test@5149d738]" started-at="2025-11-21T17:55:48 IST" name="logoutOperation" finished-at="2025-11-21T17:55:50 IST" duration-ms="1465" status="PASS">
          <reporter-output>
          </reporter-output>
        </test-method> <!-- logoutOperation -->
        <test-method is-config="true" signature="closeBrowser()[pri:0, instance:testCaseRepo.TC_002Test@5149d738]" started-at="2025-11-21T17:55:50 IST" name="closeBrowser" finished-at="2025-11-21T17:55:50 IST" duration-ms="500" status="PASS">
          <reporter-output>
          </reporter-output>
        </test-method> <!-- closeBrowser -->
      </class> <!-- testCaseRepo.TC_002Test -->
      <class name="testCaseRepo.TC_001">
        <test-method is-config="true" signature="browserLaunch(java.lang.String)[pri:0, instance:testCaseRepo.TC_001@3a7442c7]" started-at="2025-11-21T17:55:50 IST" name="browserLaunch" finished-at="2025-11-21T17:55:56 IST" duration-ms="5332" status="PASS">
          <params>
            <param index="0">
              <value>
                <![CDATA[chrome]]>
              </value>
            </param>
          </params>
          <reporter-output>
          </reporter-output>
        </test-method> <!-- browserLaunch -->
        <test-method is-config="true" signature="loginOperation()[pri:0, instance:testCaseRepo.TC_001@3a7442c7]" started-at="2025-11-21T17:55:56 IST" name="loginOperation" finished-at="2025-11-21T17:56:01 IST" duration-ms="5781" status="PASS">
          <reporter-output>
          </reporter-output>
        </test-method> <!-- loginOperation -->
        <test-method signature="LE_001()[pri:0, instance:testCaseRepo.TC_001@3a7442c7]" started-at="2025-11-21T17:56:01 IST" name="LE_001" finished-at="2025-11-21T17:56:21 IST" duration-ms="19352" status="PASS">
          <reporter-output>
            <line>
              <![CDATA[LE_001 Test method started]]>
            </line>
            <line>
              <![CDATA[LE_001 Test method successfully executed]]>
            </line>
          </reporter-output>
        </test-method> <!-- LE_001 -->
        <test-method is-config="true" signature="logoutOperation()[pri:0, instance:testCaseRepo.TC_001@3a7442c7]" started-at="2025-11-21T17:56:21 IST" name="logoutOperation" finished-at="2025-11-21T17:56:22 IST" duration-ms="1535" status="PASS">
          <reporter-output>
          </reporter-output>
        </test-method> <!-- logoutOperation -->
        <test-method is-config="true" signature="closeBrowser()[pri:0, instance:testCaseRepo.TC_001@3a7442c7]" started-at="2025-11-21T17:56:22 IST" name="closeBrowser" finished-at="2025-11-21T17:56:23 IST" duration-ms="712" status="PASS">
          <reporter-output>
          </reporter-output>
        </test-method> <!-- closeBrowser -->
      </class> <!-- testCaseRepo.TC_001 -->
      <class name="testCaseRepo.TC_003">
        <test-method is-config="true" signature="createDBConnection()[pri:0, instance:testCaseRepo.TC_003@74e28667]" started-at="2025-11-21T17:54:39 IST" name="createDBConnection" finished-at="2025-11-21T17:54:39 IST" duration-ms="33" status="PASS">
          <reporter-output>
          </reporter-output>
        </test-method> <!-- createDBConnection -->
        <test-method is-config="true" signature="browserLaunch(java.lang.String)[pri:0, instance:testCaseRepo.TC_003@74e28667]" started-at="2025-11-21T17:54:40 IST" name="browserLaunch" finished-at="2025-11-21T17:54:46 IST" duration-ms="6684" status="PASS">
          <params>
            <param index="0">
              <value>
                <![CDATA[chrome]]>
              </value>
            </param>
          </params>
          <reporter-output>
          </reporter-output>
        </test-method> <!-- browserLaunch -->
        <test-method is-config="true" signature="loginOperation()[pri:0, instance:testCaseRepo.TC_003@74e28667]" started-at="2025-11-21T17:54:46 IST" name="loginOperation" finished-at="2025-11-21T17:54:52 IST" duration-ms="5918" status="PASS">
          <reporter-output>
          </reporter-output>
        </test-method> <!-- loginOperation -->
        <test-method signature="LE_003()[pri:0, instance:testCaseRepo.TC_003@74e28667]" started-at="2025-11-21T17:54:52 IST" name="LE_003" finished-at="2025-11-21T17:55:10 IST" duration-ms="17687" status="PASS">
          <reporter-output>
            <line>
              <![CDATA[LE_003 Test method started]]>
            </line>
            <line>
              <![CDATA[LE_003 Test method successfully executed]]>
            </line>
          </reporter-output>
        </test-method> <!-- LE_003 -->
        <test-method is-config="true" signature="logoutOperation()[pri:0, instance:testCaseRepo.TC_003@74e28667]" started-at="2025-11-21T17:55:10 IST" name="logoutOperation" finished-at="2025-11-21T17:55:12 IST" duration-ms="1595" status="PASS">
          <reporter-output>
          </reporter-output>
        </test-method> <!-- logoutOperation -->
        <test-method is-config="true" signature="loginOperation()[pri:0, instance:testCaseRepo.TC_003@74e28667]" started-at="2025-11-21T17:55:12 IST" name="loginOperation" finished-at="2025-11-21T17:55:14 IST" duration-ms="2704" status="PASS">
          <reporter-output>
          </reporter-output>
        </test-method> <!-- loginOperation -->
        <test-method signature="m1()[pri:0, instance:testCaseRepo.TC_003@74e28667]" started-at="2025-11-21T17:55:14 IST" name="m1" finished-at="2025-11-21T17:55:14 IST" duration-ms="1" status="PASS">
          <reporter-output>
            <line>
              <![CDATA[m1 Test method started]]>
            </line>
            <line>
              <![CDATA[m1 Test method successfully executed]]>
            </line>
          </reporter-output>
        </test-method> <!-- m1 -->
        <test-method is-config="true" signature="logoutOperation()[pri:0, instance:testCaseRepo.TC_003@74e28667]" started-at="2025-11-21T17:55:14 IST" name="logoutOperation" finished-at="2025-11-21T17:55:19 IST" duration-ms="4688" status="PASS">
          <reporter-output>
          </reporter-output>
        </test-method> <!-- logoutOperation -->
        <test-method is-config="true" signature="closeBrowser()[pri:0, instance:testCaseRepo.TC_003@74e28667]" started-at="2025-11-21T17:55:19 IST" name="closeBrowser" finished-at="2025-11-21T17:55:20 IST" duration-ms="487" status="PASS">
          <reporter-output>
          </reporter-output>
        </test-method> <!-- closeBrowser -->
        <test-method is-config="true" signature="closeDBConnection()[pri:0, instance:testCaseRepo.TC_003@74e28667]" started-at="2025-11-21T17:56:24 IST" name="closeDBConnection" finished-at="2025-11-21T17:56:24 IST" duration-ms="1" status="PASS">
          <reporter-output>
          </reporter-output>
        </test-method> <!-- closeDBConnection -->
      </class> <!-- testCaseRepo.TC_003 -->
    </test> <!-- Test -->
  </suite> <!-- Suite -->
</testng-results>
