<?xml version="1.0" encoding="UTF-8"?>
<!-- Generated by org.testng.reporters.JUnitReportReporter -->
<testsuite hostname="DESKTOP-V7OJPML" failures="0" tests="2" name="practice.HardAssertionPractice" time="0.020" errors="0" timestamp="2025-11-10T16:46:23 IST" skipped="0">
  <testcase classname="practice.HardAssertionPractice" name="containsLevelHardAssertion" time="0.018"/>
  <testcase classname="practice.HardAssertionPractice" name="strictLevelHardAssertion" time="0.002"/>
</testsuite> <!-- practice.HardAssertionPractice -->
