<?xml version="1.0" encoding="UTF-8"?>
<!-- Generated by org.testng.reporters.JUnitReportReporter -->
<testsuite hostname="DESKTOP-V7OJPML" failures="0" tests="4" name="testCaseRepo.TC_001" time="79.446" errors="0" timestamp="2025-11-18T18:00:32 IST" skipped="3">
  <testcase classname="testCaseRepo.TC_001" name="LE_001" time="15.337">
    <skipped/>
    <system-out>
      <![CDATA[LE_001 Test method started
LE_001 Test method skipped]]>
    </system-out>
  </testcase> <!-- LE_001 -->
  <testcase classname="testCaseRepo.TC_001" name="LE_001" time="21.029">
    <skipped/>
    <system-out>
      <![CDATA[LE_001 Test method started
LE_001 Test method skipped]]>
    </system-out>
  </testcase> <!-- LE_001 -->
  <testcase classname="testCaseRepo.TC_001" name="LE_001" time="17.875">
    <skipped/>
    <system-out>
      <![CDATA[LE_001 Test method started
LE_001 Test method skipped]]>
    </system-out>
  </testcase> <!-- LE_001 -->
  <testcase classname="testCaseRepo.TC_001" name="LE_001" time="25.205">
    <system-out>
      <![CDATA[LE_001 Test method started
LE_001 Test method successfully executed]]>
    </system-out>
  </testcase> <!-- LE_001 -->
  <system-out>
    <![CDATA[test method on start
LE_001 Test method started
LE_001 Test method skipped
LE_001 Test method started
LE_001 Test method skipped
LE_001 Test method started
LE_001 Test method skipped
LE_001 Test method started
LE_001 Test method successfully executed]]>
  </system-out>
</testsuite> <!-- testCaseRepo.TC_001 -->
