<?xml version="1.0" encoding="UTF-8"?>
<!-- Generated by org.testng.reporters.JUnitReportReporter -->
<testsuite hostname="DESKTOP-V7OJPML" failures="0" tests="1" name="testCaseRepo.TC_001" time="26.668" errors="0" timestamp="2025-11-21T17:56:24 IST" skipped="0">
  <testcase classname="testCaseRepo.TC_001" name="LE_001" time="26.668">
    <system-out>
      <![CDATA[LE_001 Test method started
LE_001 Test method successfully executed]]>
    </system-out>
  </testcase> <!-- LE_001 -->
  <system-out>
    <![CDATA[test method on start
LE_003 Test method started
LE_003 Test method successfully executed
m1 Test method started
m1 Test method successfully executed
LE_002 Test method started
LE_002 Test method successfully executed
LE_001 Test method started
LE_001 Test method successfully executed]]>
  </system-out>
</testsuite> <!-- testCaseRepo.TC_001 -->
