<?xml version="1.0" encoding="UTF-8"?>
<!-- Generated by org.testng.reporters.JUnitReportReporter -->
<testsuite hostname="DESKTOP-V7OJPML" failures="0" tests="3" name="practice.TestNGPractice" time="0.015" errors="0" timestamp="2025-11-21T17:51:25 IST" skipped="0">
  <testcase classname="practice.TestNGPractice" name="createUser" time="0.013">
    <system-out>
      <![CDATA[createUser Test method started
createUser Test method successfully executed]]>
    </system-out>
  </testcase> <!-- createUser -->
  <testcase classname="practice.TestNGPractice" name="modifyUser" time="0.001">
    <system-out>
      <![CDATA[modifyUser Test method started
modifyUser Test method successfully executed]]>
    </system-out>
  </testcase> <!-- modifyUser -->
  <testcase classname="practice.TestNGPractice" name="deleteUser" time="0.001">
    <system-out>
      <![CDATA[deleteUser Test method started
deleteUser Test method successfully executed]]>
    </system-out>
  </testcase> <!-- deleteUser -->
  <system-out>
    <![CDATA[test method on start
createUser Test method started
createUser Test method successfully executed
modifyUser Test method started
modifyUser Test method successfully executed
deleteUser Test method started
deleteUser Test method successfully executed
LE_002 Test method started
LE_002 Test method successfully executed]]>
  </system-out>
</testsuite> <!-- practice.TestNGPractice -->
